{"numFailedTestSuites":1,"numFailedTests":0,"numPassedTestSuites":0,"numPassedTests":0,"numPendingTestSuites":0,"numPendingTests":0,"numRuntimeErrorTestSuites":1,"numTodoTests":0,"numTotalTestSuites":1,"numTotalTests":0,"openHandles":[],"snapshot":{"added":0,"didUpdate":false,"failure":false,"filesAdded":0,"filesRemoved":0,"filesRemovedList":[],"filesUnmatched":0,"filesUpdated":0,"matched":0,"total":0,"unchecked":0,"uncheckedKeysByFile":[],"unmatched":0,"updated":0},"startTime":1772678567164,"success":false,"testResults":[{"assertionResults":[],"coverage":{},"endTime":1772678568068,"message":"  \u001b[1m● \u001b[22mTest suite failed to run\n\n    Cannot find module 'src/gallery/gallery.service' from 'generate-pro/generate-pro.service.ts'\n\n    Require stack:\n      generate-pro/generate-pro.service.ts\n      generate-pro/generate-pro.service.spec.ts\n\n    \u001b[0m \u001b[90m 2 |\u001b[39m \u001b[36mimport\u001b[39m { \u001b[33mConfigService\u001b[39m } \u001b[36mfrom\u001b[39m \u001b[32m'@nestjs/config'\u001b[39m\u001b[33m;\u001b[39m\n     \u001b[90m 3 |\u001b[39m \u001b[36mimport\u001b[39m { \u001b[33mEventEmitter2\u001b[39m } \u001b[36mfrom\u001b[39m \u001b[32m'@nestjs/event-emitter'\u001b[39m\u001b[33m;\u001b[39m\n    \u001b[31m\u001b[1m>\u001b[22m\u001b[39m\u001b[90m 4 |\u001b[39m \u001b[36mimport\u001b[39m { \u001b[33mGalleryService\u001b[39m } \u001b[36mfrom\u001b[39m \u001b[32m'src/gallery/gallery.service'\u001b[39m\u001b[33m;\u001b[39m\n     \u001b[90m   |\u001b[39m \u001b[31m\u001b[1m^\u001b[22m\u001b[39m\n     \u001b[90m 5 |\u001b[39m \u001b[36mimport\u001b[39m { \u001b[33mVideoJobStatus\u001b[39m } \u001b[36mfrom\u001b[39m \u001b[32m'src/gallery/entities/video-job.entity'\u001b[39m\u001b[33m;\u001b[39m\n     \u001b[90m 6 |\u001b[39m \u001b[36mimport\u001b[39m { \u001b[33mCreateGenerateProDto\u001b[39m } \u001b[36mfrom\u001b[39m \u001b[32m'./dto/create-generate-pro.dto'\u001b[39m\u001b[33m;\u001b[39m\n     \u001b[90m 7 |\u001b[39m \u001b[36mimport\u001b[39m { \u001b[33mAwsStorageService\u001b[39m } \u001b[36mfrom\u001b[39m \u001b[32m'./services/aws-storage.service'\u001b[39m\u001b[33m;\u001b[39m\u001b[0m\n\n      \u001b[2mat Resolver._throwModNotFoundError (\u001b[22m../node_modules/jest-resolve/build/index.js\u001b[2m:863:11)\u001b[22m\n      \u001b[2mat Object.<anonymous> (\u001b[22mgenerate-pro/generate-pro.service.ts\u001b[2m:4:1)\u001b[22m\n      \u001b[2mat Object.<anonymous> (\u001b[22m\u001b[0m\u001b[36mgenerate-pro/generate-pro.service.spec.ts\u001b[39m\u001b[0m\u001b[2m:2:1)\u001b[22m\n","name":"D:\\Projects\\novus-academy-backend\\src\\generate-pro\\generate-pro.service.spec.ts","startTime":1772678568068,"status":"failed","summary":""}],"wasInterrupted":false}
